Koer 550
Kass 325
Kilpkonn 125
Hamster 25
Hobune 3000
Madu-uss 413
 0
Koer  550
Kass  325
Koer Kass  875
Kilpkonn  125
Koer Kilpkonn  675
Kass Kilpkonn  450
Koer Kass Kilpkonn  1000
Hamster  25
Koer Hamster  575
Kass Hamster  350
Koer Kass Hamster  900
Kilpkonn Hamster  150
Koer Kilpkonn Hamster  700
Kass Kilpkonn Hamster  475
Koer Kass Kilpkonn Hamster  1025
Madu-uss  413
Koer Madu-uss  963
Kass Madu-uss  738
Koer Kass Madu-uss  1288
Kilpkonn Madu-uss  538
Koer Kilpkonn Madu-uss  1088
Kass Kilpkonn Madu-uss  863
Koer Kass Kilpkonn Madu-uss  1413
Hamster Madu-uss  438
Koer Hamster Madu-uss  988
Kass Hamster Madu-uss  763
Koer Kass Hamster Madu-uss  1313
Kilpkonn Hamster Madu-uss  563
Koer Kilpkonn Hamster Madu-uss  1113
Kass Kilpkonn Hamster Madu-uss  888
Koer Kass Kilpkonn Hamster Madu-uss  1438
